<?xml version="1.0" encoding="UTF-8"?>
<!-- Generated by org.testng.reporters.JUnitReportReporter -->
<testsuite hostname="qb-tp3-2377" failures="0" tests="1" name="baseClass.LoginTest" time="7.904" errors="0" timestamp="2025-07-23T21:53:31 IST" skipped="0">
  <testcase classname="baseClass.LoginTest" name="verify_UserNameTextBox_Showing_Hint_or_not" time="7.904"/>
</testsuite> <!-- baseClass.LoginTest -->
