<?xml version="1.0" encoding="UTF-8"?>
<!-- Generated by org.testng.reporters.JUnitReportReporter -->
<testsuite hostname="qb-tp3-2377" failures="0" tests="1" name="baseClass.LoginTest" time="10.464" errors="0" timestamp="2025-07-24T13:42:40 IST" skipped="0">
  <testcase classname="baseClass.LoginTest" name="verify_the_reset_password_page_is_redirecting_while_clicking_on_Forgot_your_password" time="10.464"/>
</testsuite> <!-- baseClass.LoginTest -->
